<?xml version="1.0" encoding="UTF-8"?>
<testsuites name="jest tests" tests="2" failures="0" errors="0" time="1.695">
  <testsuite name="calculator integration test" errors="0" failures="0" skipped="0" timestamp="2023-11-02T09:01:30" time="1.6" tests="2">
    <testcase classname="calculator integration test should add two numbers" name="calculator integration test should add two numbers" time="0.003">
    </testcase>
    <testcase classname="calculator integration test should add two negative numbers" name="calculator integration test should add two negative numbers" time="0">
    </testcase>
  </testsuite>
</testsuites>